1693607657.135320 client started (25299): version 3.2a, socket /tmp/tmux-1000/default, protocol 8
1693607657.135338 on Linux 6.2.0-31-generic #31~22.04.1-Ubuntu SMP PREEMPT_DYNAMIC Wed Aug 16 13:45:26 UTC 2
1693607657.135341 using libevent 2.1.12-stable (poll); ncurses 6.3
1693607657.135349 flags are 0x10010000
1693607657.135351 socket is /tmp/tmux-1000/default
1693607657.135359 trying connect
1693607657.135391 add peer 0x56151864f610: 6 ((nil))
1693607657.135509 sending message 100 to peer 0x56151864f610 (4 bytes)
1693607657.135514 sending message 111 to peer 0x56151864f610 (8 bytes)
1693607657.135517 sending message 101 to peer 0x56151864f610 (7 bytes)
1693607657.135519 sending message 109 to peer 0x56151864f610 (4 bytes)
1693607657.135521 sending message 102 to peer 0x56151864f610 (11 bytes)
1693607657.135524 sending message 108 to peer 0x56151864f610 (25 bytes)
1693607657.135526 sending message 112 to peer 0x56151864f610 (70 bytes)
1693607657.135529 sending message 112 to peer 0x56151864f610 (5 bytes)
1693607657.135531 sending message 112 to peer 0x56151864f610 (5 bytes)
1693607657.135533 sending message 112 to peer 0x56151864f610 (6 bytes)
1693607657.135536 sending message 112 to peer 0x56151864f610 (6 bytes)
1693607657.135538 sending message 112 to peer 0x56151864f610 (11 bytes)
1693607657.135541 sending message 112 to peer 0x56151864f610 (10 bytes)
1693607657.135543 sending message 112 to peer 0x56151864f610 (13 bytes)
1693607657.135545 sending message 112 to peer 0x56151864f610 (13 bytes)
1693607657.135548 sending message 112 to peer 0x56151864f610 (18 bytes)
1693607657.135550 sending message 112 to peer 0x56151864f610 (9 bytes)
1693607657.135552 sending message 112 to peer 0x56151864f610 (21 bytes)
1693607657.135555 sending message 112 to peer 0x56151864f610 (13 bytes)
1693607657.135557 sending message 112 to peer 0x56151864f610 (7 bytes)
1693607657.135560 sending message 112 to peer 0x56151864f610 (13 bytes)
1693607657.135562 sending message 112 to peer 0x56151864f610 (7 bytes)
1693607657.135564 sending message 112 to peer 0x56151864f610 (13 bytes)
1693607657.135567 sending message 112 to peer 0x56151864f610 (9 bytes)
1693607657.135569 sending message 112 to peer 0x56151864f610 (21 bytes)
1693607657.135572 sending message 112 to peer 0x56151864f610 (13 bytes)
1693607657.135574 sending message 112 to peer 0x56151864f610 (8 bytes)
1693607657.135576 sending message 112 to peer 0x56151864f610 (12 bytes)
1693607657.135579 sending message 112 to peer 0x56151864f610 (13 bytes)
1693607657.135581 sending message 112 to peer 0x56151864f610 (9 bytes)
1693607657.135583 sending message 112 to peer 0x56151864f610 (9 bytes)
1693607657.135586 sending message 112 to peer 0x56151864f610 (12 bytes)
1693607657.135588 sending message 112 to peer 0x56151864f610 (8 bytes)
1693607657.135590 sending message 112 to peer 0x56151864f610 (7 bytes)
1693607657.135593 sending message 112 to peer 0x56151864f610 (7 bytes)
1693607657.135595 sending message 112 to peer 0x56151864f610 (9 bytes)
1693607657.135597 sending message 112 to peer 0x56151864f610 (13 bytes)
1693607657.135600 sending message 112 to peer 0x56151864f610 (9 bytes)
1693607657.135602 sending message 112 to peer 0x56151864f610 (15 bytes)
1693607657.135604 sending message 112 to peer 0x56151864f610 (13 bytes)
1693607657.135607 sending message 112 to peer 0x56151864f610 (12 bytes)
1693607657.135609 sending message 112 to peer 0x56151864f610 (8 bytes)
1693607657.135611 sending message 112 to peer 0x56151864f610 (14 bytes)
1693607657.135614 sending message 112 to peer 0x56151864f610 (9 bytes)
1693607657.135616 sending message 112 to peer 0x56151864f610 (10 bytes)
1693607657.135618 sending message 112 to peer 0x56151864f610 (10 bytes)
1693607657.135620 sending message 112 to peer 0x56151864f610 (10 bytes)
1693607657.135623 sending message 112 to peer 0x56151864f610 (10 bytes)
1693607657.135625 sending message 112 to peer 0x56151864f610 (11 bytes)
1693607657.135627 sending message 112 to peer 0x56151864f610 (10 bytes)
1693607657.135630 sending message 112 to peer 0x56151864f610 (8 bytes)
1693607657.135636 sending message 112 to peer 0x56151864f610 (11 bytes)
1693607657.135638 sending message 112 to peer 0x56151864f610 (11 bytes)
1693607657.135641 sending message 112 to peer 0x56151864f610 (11 bytes)
1693607657.135643 sending message 112 to peer 0x56151864f610 (8 bytes)
1693607657.135645 sending message 112 to peer 0x56151864f610 (8 bytes)
1693607657.135648 sending message 112 to peer 0x56151864f610 (8 bytes)
1693607657.135650 sending message 112 to peer 0x56151864f610 (10 bytes)
1693607657.135652 sending message 112 to peer 0x56151864f610 (10 bytes)
1693607657.135655 sending message 112 to peer 0x56151864f610 (10 bytes)
1693607657.135657 sending message 112 to peer 0x56151864f610 (10 bytes)
1693607657.135659 sending message 112 to peer 0x56151864f610 (10 bytes)
1693607657.135661 sending message 112 to peer 0x56151864f610 (11 bytes)
1693607657.135664 sending message 112 to peer 0x56151864f610 (11 bytes)
1693607657.135666 sending message 112 to peer 0x56151864f610 (10 bytes)
1693607657.135668 sending message 112 to peer 0x56151864f610 (9 bytes)
1693607657.135671 sending message 112 to peer 0x56151864f610 (9 bytes)
1693607657.135673 sending message 112 to peer 0x56151864f610 (12 bytes)
1693607657.135675 sending message 112 to peer 0x56151864f610 (9 bytes)
1693607657.135678 sending message 112 to peer 0x56151864f610 (6 bytes)
1693607657.135680 sending message 112 to peer 0x56151864f610 (8 bytes)
1693607657.135683 sending message 112 to peer 0x56151864f610 (15 bytes)
1693607657.135685 sending message 112 to peer 0x56151864f610 (13 bytes)
1693607657.135687 sending message 112 to peer 0x56151864f610 (16 bytes)
1693607657.135690 sending message 112 to peer 0x56151864f610 (16 bytes)
1693607657.135692 sending message 112 to peer 0x56151864f610 (10 bytes)
1693607657.135694 sending message 112 to peer 0x56151864f610 (8 bytes)
1693607657.135697 sending message 112 to peer 0x56151864f610 (15 bytes)
1693607657.135699 sending message 112 to peer 0x56151864f610 (13 bytes)
1693607657.135701 sending message 112 to peer 0x56151864f610 (10 bytes)
1693607657.135704 sending message 112 to peer 0x56151864f610 (10 bytes)
1693607657.135706 sending message 112 to peer 0x56151864f610 (5 bytes)
1693607657.135708 sending message 112 to peer 0x56151864f610 (15 bytes)
1693607657.135711 sending message 104 to peer 0x56151864f610 (0 bytes)
1693607657.135713 sending message 110 to peer 0x56151864f610 (0 bytes)
1693607657.135716 sending message 107 to peer 0x56151864f610 (4 bytes)
1693607657.135718 sending message 105 to peer 0x56151864f610 (16 bytes)
1693607657.135721 sending message 105 to peer 0x56151864f610 (18 bytes)
1693607657.135723 sending message 105 to peer 0x56151864f610 (19 bytes)
1693607657.135725 sending message 105 to peer 0x56151864f610 (20 bytes)
1693607657.135728 sending message 105 to peer 0x56151864f610 (41 bytes)
1693607657.135730 sending message 105 to peer 0x56151864f610 (58 bytes)
1693607657.135732 sending message 105 to peer 0x56151864f610 (60 bytes)
1693607657.135734 sending message 105 to peer 0x56151864f610 (26 bytes)
1693607657.135737 sending message 105 to peer 0x56151864f610 (19 bytes)
1693607657.135739 sending message 105 to peer 0x56151864f610 (42 bytes)
1693607657.135741 sending message 105 to peer 0x56151864f610 (7 bytes)
1693607657.135744 sending message 105 to peer 0x56151864f610 (35 bytes)
1693607657.135746 sending message 105 to peer 0x56151864f610 (15 bytes)
1693607657.135748 sending message 105 to peer 0x56151864f610 (41 bytes)
1693607657.135751 sending message 105 to peer 0x56151864f610 (50 bytes)
1693607657.135753 sending message 105 to peer 0x56151864f610 (48 bytes)
1693607657.135756 sending message 105 to peer 0x56151864f610 (67 bytes)
1693607657.135758 sending message 105 to peer 0x56151864f610 (20 bytes)
1693607657.135761 sending message 105 to peer 0x56151864f610 (19 bytes)
1693607657.135763 sending message 105 to peer 0x56151864f610 (105 bytes)
1693607657.135765 sending message 105 to peer 0x56151864f610 (28 bytes)
1693607657.135768 sending message 105 to peer 0x56151864f610 (15 bytes)
1693607657.135770 sending message 105 to peer 0x56151864f610 (29 bytes)
1693607657.135775 sending message 105 to peer 0x56151864f610 (23 bytes)
1693607657.135778 sending message 105 to peer 0x56151864f610 (14 bytes)
1693607657.135780 sending message 105 to peer 0x56151864f610 (21 bytes)
1693607657.135782 sending message 105 to peer 0x56151864f610 (35 bytes)
1693607657.135791 sending message 105 to peer 0x56151864f610 (52 bytes)
1693607657.135795 sending message 105 to peer 0x56151864f610 (35 bytes)
1693607657.135797 sending message 105 to peer 0x56151864f610 (63 bytes)
1693607657.135800 sending message 105 to peer 0x56151864f610 (49 bytes)
1693607657.135802 sending message 105 to peer 0x56151864f610 (30 bytes)
1693607657.135804 sending message 105 to peer 0x56151864f610 (15 bytes)
1693607657.135807 sending message 105 to peer 0x56151864f610 (69 bytes)
1693607657.135809 sending message 105 to peer 0x56151864f610 (17 bytes)
1693607657.135811 sending message 105 to peer 0x56151864f610 (17 bytes)
1693607657.135814 sending message 105 to peer 0x56151864f610 (1519 bytes)
1693607657.135817 sending message 105 to peer 0x56151864f610 (23 bytes)
1693607657.135819 sending message 105 to peer 0x56151864f610 (30 bytes)
1693607657.135821 sending message 105 to peer 0x56151864f610 (30 bytes)
1693607657.135824 sending message 105 to peer 0x56151864f610 (52 bytes)
1693607657.135826 sending message 105 to peer 0x56151864f610 (42 bytes)
1693607657.135828 sending message 105 to peer 0x56151864f610 (10 bytes)
1693607657.135830 sending message 105 to peer 0x56151864f610 (72 bytes)
1693607657.135833 sending message 105 to peer 0x56151864f610 (23 bytes)
1693607657.135835 sending message 105 to peer 0x56151864f610 (55 bytes)
1693607657.135837 sending message 105 to peer 0x56151864f610 (25 bytes)
1693607657.135840 sending message 105 to peer 0x56151864f610 (37 bytes)
1693607657.135842 sending message 105 to peer 0x56151864f610 (34 bytes)
1693607657.135844 sending message 105 to peer 0x56151864f610 (23 bytes)
1693607657.135847 sending message 105 to peer 0x56151864f610 (12 bytes)
1693607657.135849 sending message 105 to peer 0x56151864f610 (11 bytes)
1693607657.135851 sending message 105 to peer 0x56151864f610 (47 bytes)
1693607657.135854 sending message 105 to peer 0x56151864f610 (32 bytes)
1693607657.135856 sending message 105 to peer 0x56151864f610 (11 bytes)
1693607657.135858 sending message 105 to peer 0x56151864f610 (13 bytes)
1693607657.135861 sending message 105 to peer 0x56151864f610 (14 bytes)
1693607657.135863 sending message 105 to peer 0x56151864f610 (46 bytes)
1693607657.135865 sending message 105 to peer 0x56151864f610 (44 bytes)
1693607657.135868 sending message 105 to peer 0x56151864f610 (11 bytes)
1693607657.135870 sending message 105 to peer 0x56151864f610 (8 bytes)
1693607657.135872 sending message 105 to peer 0x56151864f610 (14 bytes)
1693607657.135875 sending message 105 to peer 0x56151864f610 (18 bytes)
1693607657.135877 sending message 105 to peer 0x56151864f610 (11 bytes)
1693607657.135879 sending message 105 to peer 0x56151864f610 (18 bytes)
1693607657.135882 sending message 105 to peer 0x56151864f610 (50 bytes)
1693607657.135884 sending message 105 to peer 0x56151864f610 (31 bytes)
1693607657.135886 sending message 105 to peer 0x56151864f610 (23 bytes)
1693607657.135889 sending message 105 to peer 0x56151864f610 (30 bytes)
1693607657.135891 sending message 105 to peer 0x56151864f610 (174 bytes)
1693607657.135894 sending message 105 to peer 0x56151864f610 (392 bytes)
1693607657.135896 sending message 105 to peer 0x56151864f610 (38 bytes)
1693607657.135898 sending message 105 to peer 0x56151864f610 (52 bytes)
1693607657.135901 sending message 105 to peer 0x56151864f610 (14 bytes)
1693607657.135903 sending message 105 to peer 0x56151864f610 (54 bytes)
1693607657.135905 sending message 105 to peer 0x56151864f610 (51 bytes)
1693607657.135908 sending message 105 to peer 0x56151864f610 (31 bytes)
1693607657.135910 sending message 105 to peer 0x56151864f610 (29 bytes)
1693607657.135913 sending message 105 to peer 0x56151864f610 (32 bytes)
1693607657.135917 sending message 105 to peer 0x56151864f610 (18 bytes)
1693607657.135919 sending message 105 to peer 0x56151864f610 (16 bytes)
1693607657.135922 sending message 106 to peer 0x56151864f610 (0 bytes)
1693607657.135925 sending message 200 to peer 0x56151864f610 (4 bytes)
1693607657.135927 client loop enter
1693607657.136178 peer 0x56151864f610 message 303
1693607657.136182 open write file 2 -
1693607657.136186 sending message 305 to peer 0x56151864f610 (8 bytes)
1693607657.136193 write check file 2
1693607657.136234 peer 0x56151864f610 message 304
1693607657.136237 write 58 to file 2
1693607657.136240 peer 0x56151864f610 message 203
1693607657.136242 file 2 58 bytes left
1693607657.136250 write check file 2
1693607657.136252 client loop exit
